Removed Pin From Net: NetName=GND Pin=J?-8
Removed Pin From Net: NetName=+5 Pin=P?-3
Change Component Designator: OldDesignator=IC? NewDesignator=IC1
Added Component: Designator=Cv1(CAPC2012X140N)
Add component (AddParameter): Name = "Availability"; Value = "Unavailable"; VariantName = "[No Variations]"
Add component (AddParameter): Name = "MF"; Value = "{'manufacturer': u'Samsung Electro-Mechanics'}"; VariantName = "[No Variations]"
Add component (AddParameter): Name = "MP"; Value = "CL21A106KOQNNNG"; VariantName = "[No Variations]"
Add component (AddParameter): Name = "Package"; Value = "None"; VariantName = "[No Variations]"
Add component (AddParameter): Name = "Price"; Value = "None"; VariantName = "[No Variations]"
Add component (AddParameter): Name = "Value"; Value = "10 uF"; VariantName = "[No Variations]"
Added Component: Designator=Cv2(CAPC2012X140N)
Add component (AddParameter): Name = "Arrow Part Number"; Value = "CL21A226MQQNNNE"; VariantName = "[No Variations]"
Add component (AddParameter): Name = "Arrow Price/Stock"; Value = "https://www.arrow.com/en/products/cl21a226mqqnnne/samsung-electro-mechanics?region=nac"; VariantName = "[No Variations]"
Add component (AddParameter): Name = "Datasheet Link"; Value = "http://product.samsungsem.com/mlcc/basic-search.do?partNumber=CL21A226MQQNNN"; VariantName = "[No Variations]"
Add component (AddParameter): Name = "Height"; Value = "1.4mm"; VariantName = "[No Variations]"
Add component (AddParameter): Name = "Manufacturer_Name"; Value = "SAMSUNG"; VariantName = "[No Variations]"
Add component (AddParameter): Name = "Manufacturer_Part_Number"; Value = "CL21A226MQQNNNE"; VariantName = "[No Variations]"
Add component (AddParameter): Name = "Mouser Part Number"; Value = "187-CL21A226MQQNNNE"; VariantName = "[No Variations]"
Add component (AddParameter): Name = "Mouser Price/Stock"; Value = "https://www.mouser.co.uk/ProductDetail/Samsung-Electro-Mechanics/CL21A226MQQNNNE?qs=349EhDEZ59oZnQF%252BO1HZ%252BQ%3D%3D"; VariantName = "[No Variations]"
Add component (AddParameter): Name = "Value"; Value = "22 uF"; VariantName = "[No Variations]"
Added Component: Designator=IC2(SOT230P700X180-4N)
Add component (AddParameter): Name = "Arrow Part Number"; Value = "AZ1117CH2-3.3TRG1"; VariantName = "[No Variations]"
Add component (AddParameter): Name = "Arrow Price/Stock"; Value = "https://www.arrow.com/en/products/az1117ch2-3.3trg1/diodes-incorporated?region=nac"; VariantName = "[No Variations]"
Add component (AddParameter): Name = "Datasheet Link"; Value = "https://www.arrow.com/en/products/az1117ch2-3.3trg1/diodes-incorporated"; VariantName = "[No Variations]"
Add component (AddParameter): Name = "Height"; Value = "1.8mm"; VariantName = "[No Variations]"
Add component (AddParameter): Name = "Manufacturer_Name"; Value = "Diodes Inc."; VariantName = "[No Variations]"
Add component (AddParameter): Name = "Manufacturer_Part_Number"; Value = "AZ1117CH2-3.3TRG1"; VariantName = "[No Variations]"
Add component (AddParameter): Name = "Mouser Part Number"; Value = "621-AZ1117CH2-33TRG1"; VariantName = "[No Variations]"
Add component (AddParameter): Name = "Mouser Price/Stock"; Value = "https://www.mouser.co.uk/ProductDetail/Diodes-Incorporated/AZ1117CH2-3.3TRG1?qs=lQAVKuKFhkLc7jCxso2G3w%3D%3D"; VariantName = "[No Variations]"
Added Component: Designator=PWR(FP-LTST-C191KSKT-MFG)
Added Component: Designator=RN?(RESCAF80P320X160X60-8N)
Add component (AddParameter): Name = "Availability"; Value = "Unavailable"; VariantName = "[No Variations]"
Add component (AddParameter): Name = "MF"; Value = "{'manufacturer': u'Bourns'}"; VariantName = "[No Variations]"
Add component (AddParameter): Name = "MP"; Value = "CAY16-2201F4LF"; VariantName = "[No Variations]"
Add component (AddParameter): Name = "Package"; Value = "None"; VariantName = "[No Variations]"
Add component (AddParameter): Name = "Price"; Value = "None"; VariantName = "[No Variations]"
Add component (AddParameter): Name = "Value"; Value = ""; VariantName = "[No Variations]"
Added Pin To Net: NetName=GND Pin=Cv1-2
Added Pin To Net: NetName=GND Pin=Cv2-1
Added Pin To Net: NetName=+3.3 Pin=Cv2-2
Added Pin To Net: NetName=GND Pin=IC2-2
Added Pin To Net: NetName=+3.3 Pin=IC2-3
Added Pin To Net: NetName=GND Pin=IC2-4
Added Pin To Net: NetName=+3.3 Pin=RN?-1
Added Pin To Net: NetName=NetIC?_1 Pin=RN?-2
Added Pin To Net: NetName=NetIC?_2 Pin=RN?-4
Change Net Name : Old Net Name=NetIC?_1 New Net Name=NetIC1_1
Change Net Name : Old Net Name=NetIC?_2 New Net Name=NetIC1_2
Change Net Name : Old Net Name=NetIC?_6 New Net Name=NetIC1_6
Change Net Name : Old Net Name=NetIC?_7 New Net Name=NetIC1_7
Added Pin To Net: NetName=NetIC1_4 Pin=IC1-4
Added Pin To Net: NetName=NetIC1_4 Pin=P?-6
Added Pin To Net: NetName=NetIC1_4 Pin=RN?-3
Added Net: Name=NetIC1_4
Added Pin To Net: NetName=VCC Pin=Cv1-1
Added Pin To Net: NetName=VCC Pin=IC2-1
Added Pin To Net: NetName=VCC Pin=J?-8
Added Pin To Net: NetName=VCC Pin=P?-3
Added Net: Name=VCC
Added Member To Class: ClassName=Ethernet Member=Component Cv1 CL21A106KOQNNNG
Added Member To Class: ClassName=Ethernet Member=Component Cv2 CL21A226MQQNNNE
Added Member To Class: ClassName=Ethernet Member=Component IC2 AZ1117CH2-3.3TRG1
Add Class Member: Failed to add class member : Component PWR Red
Added Member To Class: ClassName=Ethernet Member=Component RN? CAY16-2201F4LF
